<?xml version="1.0" encoding="UTF-8"?>
<testsuite xmlns:xsi="http://www.w3.org/2001/XMLSchema-instance" xsi:noNamespaceSchemaLocation="https://maven.apache.org/surefire/maven-surefire-plugin/xsd/surefire-test-report-3.0.xsd" version="3.0" name="GrilleTest" time="0.211" tests="21" errors="0" skipped="0" failures="0">
  <properties>
[...]
</properties>
  <testcase name="testGetDimensionAndElementsFromResource4x4" classname="GrilleTest" time="0.013"/>
  <testcase name="testGetDimensionAndElementsFromResource9x9" classname="GrilleTest" time="0.002"/>
  <testcase name="testisPossibleHorsBornes" classname="GrilleTest" time="0.03"/>
  <testcase name="testIsComplete" classname="GrilleTest" time="0.004"/>
  <testcase name="testisPossibleElementInterdit" classname="GrilleTest" time="0.005"/>
  <testcase name="testGetValueCorrecteFromRessource4x4" classname="GrilleTest" time="0.002"/>
  <testcase name="setValueElementInterdit" classname="GrilleTest" time="0.003"/>
  <testcase name="testGetValueHorsBornes4x4" classname="GrilleTest" time="0.003"/>
  <testcase name="testGetValueHorsBornes9x9" classname="GrilleTest" time="0.002"/>
  <testcase name="testDimensionGrille4x4" classname="GrilleTest" time="0.002"/>
  <testcase name="testIsPossible" classname="GrilleTest" time="0.003"/>
  <testcase name="testIsCompleteGrilleVide" classname="GrilleTest" time="0.055"/>
  <testcase name="testConstructionGrilleIncorrecte" classname="GrilleTest" time="0.006"/>
  <testcase name="testSetAndGetValue" classname="GrilleTest" time="0.008"/>
  <testcase name="setValueDejaExistante" classname="GrilleTest" time="0.005"/>
  <testcase name="testIsCompleteGrillePartiellementComplete" classname="GrilleTest" time="0.009"/>
  <testcase name="setValueInitiale" classname="GrilleTest" time="0.004"/>
  <testcase name="testGetValueCaseVide4x4" classname="GrilleTest" time="0.002"/>
  <testcase name="testGetValueCaseVide9x9" classname="GrilleTest" time="0.003"/>
  <testcase name="setValueHorsBornes" classname="GrilleTest" time="0.003"/>
  <testcase name="testIsPossibleValeurInitial" classname="GrilleTest" time="0.003"/>
</testsuite>